<?xml version="1.0" encoding="UTF-8"?>
<coverage generated="1587851516752" clover="3.2.0">
  <project timestamp="1587851516752" name="All files">
    <metrics statements="7" coveredstatements="7" conditionals="5" coveredconditionals="5" methods="4" coveredmethods="4" elements="16" coveredelements="16" complexity="0" loc="7" ncloc="7" packages="1" files="1" classes="1"/>
    <file name="range.ts" path="/Users/albrecht/js/range/src/range.ts">
      <metrics statements="7" coveredstatements="7" conditionals="5" coveredconditionals="5" methods="4" coveredmethods="4"/>
      <line num="8" count="1" type="cond" truecount="1" falsecount="0"/>
      <line num="9" count="14" type="cond" truecount="2" falsecount="0"/>
      <line num="10" count="13" type="cond" truecount="2" falsecount="0"/>
      <line num="11" count="12" type="stmt"/>
      <line num="16" count="6" type="stmt"/>
      <line num="17" count="32" type="stmt"/>
      <line num="20" count="64" type="stmt"/>
    </file>
  </project>
</coverage>
