{"/Users/albrecht/js/range/src/range.ts": {"path":"/Users/albrecht/js/range/src/range.ts","statementMap":{"0":{"start":{"line":8,"column":13},"end":{"line":23,"column":2}},"1":{"start":{"line":9,"column":4},"end":{"line":9,"column":66}},"2":{"start":{"line":9,"column":18},"end":{"line":9,"column":66}},"3":{"start":{"line":10,"column":4},"end":{"line":10,"column":66}},"4":{"start":{"line":10,"column":17},"end":{"line":10,"column":66}},"5":{"start":{"line":11,"column":4},"end":{"line":22,"column":null}},"6":{"start":{"line":16,"column":12},"end":{"line":17,"column":null}},"7":{"start":{"line":17,"column":31},"end":{"line":17,"column":47}},"8":{"start":{"line":20,"column":12},"end":{"line":20,"column":56}},"9":{"start":{"line":20,"column":25},"end":{"line":20,"column":29}},"10":{"start":{"line":20,"column":48},"end":{"line":20,"column":56}}},"fnMap":{"0":{"name":"(anonymous_0)","decl":{"start":{"line":8,"column":82},"end":{"line":8,"column":83}},"loc":{"start":{"line":8,"column":105},"end":{"line":23,"column":1}}},"1":{"name":"(anonymous_1)","decl":{"start":{"line":15,"column":17},"end":{"line":15,"column":18}},"loc":{"start":{"line":15,"column":72},"end":{"line":18,"column":9}}},"2":{"name":"(anonymous_2)","decl":{"start":{"line":17,"column":21},"end":{"line":17,"column":22}},"loc":{"start":{"line":17,"column":31},"end":{"line":17,"column":47}}},"3":{"name":"(anonymous_3)","decl":{"start":{"line":19,"column":8},"end":{"line":19,"column":9}},"loc":{"start":{"line":19,"column":26},"end":{"line":21,"column":9}}}},"branchMap":{"0":{"loc":{"start":{"line":8,"column":100},"end":{"line":8,"column":101}},"type":"default-arg","locations":[{"start":{"line":8,"column":100},"end":{"line":8,"column":101}}]},"1":{"loc":{"start":{"line":9,"column":4},"end":{"line":9,"column":66}},"type":"if","locations":[{"start":{"line":9,"column":4},"end":{"line":9,"column":66}},{"start":{"line":9,"column":4},"end":{"line":9,"column":66}}]},"2":{"loc":{"start":{"line":10,"column":4},"end":{"line":10,"column":66}},"type":"if","locations":[{"start":{"line":10,"column":4},"end":{"line":10,"column":66}},{"start":{"line":10,"column":4},"end":{"line":10,"column":66}}]}},"s":{"0":1,"1":14,"2":1,"3":13,"4":1,"5":12,"6":6,"7":32,"8":12,"9":12,"10":64},"f":{"0":14,"1":6,"2":32,"3":12},"b":{"0":[1],"1":[1,13],"2":[1,12]}}
}
